c:\motordejuegazo\gameengine\debug\gameengine.pch
c:\motordejuegazo\gameengine\debug\vc141.pdb
c:\motordejuegazo\gameengine\debug\vc141.idb
c:\motordejuegazo\gameengine\debug\pch.obj
c:\motordejuegazo\gameengine\debug\vectort.obj
c:\motordejuegazo\gameengine\debug\tablahash.obj
c:\motordejuegazo\gameengine\debug\player.obj
c:\motordejuegazo\gameengine\debug\node.obj
c:\motordejuegazo\gameengine\debug\list.obj
c:\motordejuegazo\gameengine\debug\gameobject.obj
c:\motordejuegazo\gameengine\debug\gameengine.obj
c:\tareas\motordejuegazo\gameengine\debug\gameengine.pch
c:\tareas\motordejuegazo\gameengine\debug\vc142.pdb
c:\tareas\motordejuegazo\gameengine\debug\vc142.idb
c:\tareas\motordejuegazo\gameengine\debug\pch.obj
c:\tareas\motordejuegazo\gameengine\debug\player.obj
c:\tareas\motordejuegazo\gameengine\debug\node.obj
c:\tareas\motordejuegazo\gameengine\debug\list.obj
c:\tareas\motordejuegazo\gameengine\debug\gameobject.obj
c:\motordejuegazo\debug\gameengine.exe
c:\motordejuegazo\debug\gameengine.ilk
c:\motordejuegazo\debug\gameengine.pdb
c:\tareas\motordejuegazo\gameengine\debug\gameengine.obj
c:\tareas\motordejuegazo\gameengine\debug\tablahash.obj
c:\tareas\motordejuegazo\gameengine\debug\vectort.obj
c:\tareas\motordejuegazo\gameengine\debug\vc141.idb
c:\tareas\motordejuegazo\gameengine\debug\vc141.pdb
c:\tareas\motordejuegazo\debug\gameengine.pdb
c:\tareas\motordejuegazo\debug\gameengine.exe
c:\tareas\motordejuegazo\debug\gameengine.ilk
c:\tareas\motordejuegazo\gameengine\debug\gameengine.tlog\cl.command.1.tlog
c:\tareas\motordejuegazo\gameengine\debug\gameengine.tlog\cl.read.1.tlog
c:\tareas\motordejuegazo\gameengine\debug\gameengine.tlog\cl.write.1.tlog
c:\tareas\motordejuegazo\gameengine\debug\gameengine.tlog\link.command.1.tlog
c:\tareas\motordejuegazo\gameengine\debug\gameengine.tlog\link.read.1.tlog
c:\tareas\motordejuegazo\gameengine\debug\gameengine.tlog\link.write.1.tlog
